=== Runtime Tests ===
=== Runtime Tests ===

Integers: OK
Floats: OK
Strings: OK
Symbols: OK
Cons: OK
Arithmetic: OK
Comparisons: OK
Lists: OK

=== All tests passed ===

=== Python parser tests ===
============================= test session starts ==============================
platform linux -- Python 3.13.5, pytest-9.0.2, pluggy-1.6.0 -- /usr/bin/python3
cachedir: .pytest_cache
rootdir: /app
collecting ... collected 19 items

tests/test_parser.py::TestTokenizer::test_tokenize_numbers PASSED        [  5%]
tests/test_parser.py::TestTokenizer::test_tokenize_symbols PASSED        [ 10%]
tests/test_parser.py::TestTokenizer::test_tokenize_strings PASSED        [ 15%]
tests/test_parser.py::TestTokenizer::test_tokenize_parens PASSED         [ 21%]
tests/test_parser.py::TestParser::test_parse_int PASSED                  [ 26%]
tests/test_parser.py::TestParser::test_parse_symbol PASSED               [ 31%]
tests/test_parser.py::TestParser::test_parse_list PASSED                 [ 36%]
tests/test_parser.py::TestParser::test_parse_if PASSED                   [ 42%]
tests/test_parser.py::TestParser::test_parse_nil PASSED                  [ 47%]
tests/test_parser.py::TestParser::test_parse_quote PASSED                [ 52%]
tests/test_parser.py::TestGenerator::test_generate_int PASSED            [ 57%]
tests/test_parser.py::TestGenerator::test_generate_arithmetic PASSED     [ 63%]
tests/test_parser.py::TestGenerator::test_generate_if PASSED             [ 68%]
tests/test_parser.py::TestExamples::test_hello_example PASSED            [ 73%]
tests/test_parser.py::TestExamples::test_arithmetic_example PASSED       [ 78%]
tests/test_parser.py::TestExamples::test_comparisons_example PASSED      [ 84%]
tests/test_parser.py::TestExamples::test_conditionals_example PASSED     [ 89%]
tests/test_parser.py::TestExamples::test_lists_example PASSED            [ 94%]
tests/test_parser.py::TestExamples::test_quotes_example PASSED           [100%]

============================== 19 passed in 0.27s ==============================

=== End-to-End tests (examples/) ===

--- hello.lisp ---
Lisp source:
(print "Hello, World!")
Generated C:
#include <stdio.h>
#include <stdlib.h>
#include "runtime/lisp.h"

/* Forward declarations */



int main(int argc, char** argv) {
    lisp_print(lisp_make_string("Hello, World!"));
    return 0;
}
Output:
"Hello, World!"

--- arithmetic.lisp ---
Lisp source:
(print (+ 1 2 3))
(print (* 6 7))
Generated C:
#include <stdio.h>
#include <stdlib.h>
#include "runtime/lisp.h"

/* Forward declarations */



int main(int argc, char** argv) {
    lisp_print(lisp_add(lisp_add(lisp_make_int(1), lisp_make_int(2)), lisp_make_int(3)));
    lisp_print(lisp_mul(lisp_make_int(6), lisp_make_int(7)));
    return 0;
}
Output:
6
42

--- comparisons.lisp ---
Lisp source:
(print (= 5 5))
(print (< 3 10))
(print (> 10 3))
(print (= 1 2))

Generated C:
#include <stdio.h>
#include <stdlib.h>
#include "runtime/lisp.h"

/* Forward declarations */



int main(int argc, char** argv) {
    lisp_print(lisp_eq(lisp_make_int(5), lisp_make_int(5)));
    lisp_print(lisp_lt(lisp_make_int(3), lisp_make_int(10)));
    lisp_print(lisp_gt(lisp_make_int(10), lisp_make_int(3)));
    lisp_print(lisp_eq(lisp_make_int(1), lisp_make_int(2)));
    return 0;
}
Output:
true
true
true
false

--- conditionals.lisp ---
Lisp source:
(print (if true 1 2))
(print (if false 1 2))
(print (if (< 3 5) "less" "greater"))

Generated C:
#include <stdio.h>
#include <stdlib.h>
#include "runtime/lisp.h"

/* Forward declarations */



int main(int argc, char** argv) {
    LispValue* __result_0 = NULL;
    if (lisp_is_true(lisp_make_symbol("true"))) {
        __result_0 = lisp_make_int(1);
    } else {
        __result_0 = lisp_make_int(2);
    }
    lisp_print(__result_0);
    LispValue* __result_1 = NULL;
    if (lisp_is_true(lisp_make_symbol("false"))) {
        __result_1 = lisp_make_int(1);
    } else {
        __result_1 = lisp_make_int(2);
    }
    lisp_print(__result_1);
    LispValue* __result_2 = NULL;
    if (lisp_is_true(lisp_lt(lisp_make_int(3), lisp_make_int(5)))) {
        __result_2 = lisp_make_string("less");
    } else {
        __result_2 = lisp_make_string("greater");
    }
    lisp_print(__result_2);
    return 0;
}
Output:
1
1
"less"

--- lists.lisp ---
Lisp source:
(print (cons 1 (cons 2 (cons 3 nil))))
(print (first (cons 1 (cons 2 nil))))
(print (rest (cons 1 (cons 2 nil))))

Generated C:
#include <stdio.h>
#include <stdlib.h>
#include "runtime/lisp.h"

/* Forward declarations */



int main(int argc, char** argv) {
    lisp_print(lisp_cons(lisp_make_int(1), lisp_cons(lisp_make_int(2), lisp_cons(lisp_make_int(3), NULL))));
    lisp_print(lisp_first(lisp_cons(lisp_make_int(1), lisp_cons(lisp_make_int(2), NULL))));
    lisp_print(lisp_rest(lisp_cons(lisp_make_int(1), lisp_cons(lisp_make_int(2), NULL))));
    return 0;
}
Output:
(1 2 3)
1
(2)

--- quotes.lisp ---
Lisp source:
(print 'foo)
(print '(1 2 3))
(print '())
Generated C:
#include <stdio.h>
#include <stdlib.h>
#include "runtime/lisp.h"

/* Forward declarations */



int main(int argc, char** argv) {
    lisp_print(lisp_make_symbol("foo"));
    lisp_print(lisp_cons(lisp_make_int(1), lisp_cons(lisp_make_int(2), lisp_cons(lisp_make_int(3), NULL))));
    lisp_print(NULL);
    return 0;
}
Output:
foo
(1 2 3)
nil

--- define-var.lisp ---
Lisp source:
(define x 42)
(print x)

Generated C:
#include <stdio.h>
#include <stdlib.h>
#include "runtime/lisp.h"

/* Forward declarations */



int main(int argc, char** argv) {
    LispValue* x = NULL;
    x = lisp_make_int(42);
    lisp_print(x);
    return 0;
}
Output:
42

--- define-func.lisp ---
Lisp source:
(define (square x) (* x x))
(print (square 5))
(print (square 10))

Generated C:
#include <stdio.h>
#include <stdlib.h>
#include "runtime/lisp.h"

/* Forward declarations */
LispValue* square(LispValue* x);

LispValue* square(LispValue* x) {
    return lisp_mul(x, x);
}

LispValue* square_wrapper(LispValue* __args, LispValue* __env) {
    LispValue* x = lisp_list_get(__args, 0);
    return square(x);
}

int main(int argc, char** argv) {
    lisp_print(square(lisp_make_int(5)));
    lisp_print(square(lisp_make_int(10)));
    return 0;
}
Output:
25
100

--- lambda.lisp ---
Lisp source:
(print ((lambda (x) (* x x)) 5))
(print ((lambda (x y) (+ x y)) 3 7))

Generated C:
#include <stdio.h>
#include <stdlib.h>
#include "runtime/lisp.h"

/* Forward declarations */

LispValue* __lambda_0(LispValue* __args, LispValue* __env) {
    LispValue* x = lisp_list_get(__args, 0);
    return lisp_mul(x, x);
}

LispValue* __lambda_1(LispValue* __args, LispValue* __env) {
    LispValue* x = lisp_list_get(__args, 0);
    LispValue* y = lisp_list_get(__args, 1);
    return lisp_add(x, y);
}

int main(int argc, char** argv) {
    lisp_print(lisp_call_closure(lisp_make_closure(__lambda_0, NULL), lisp_cons(lisp_make_int(5), NULL)));
    lisp_print(lisp_call_closure(lisp_make_closure(__lambda_1, NULL), lisp_cons(lisp_make_int(3), lisp_cons(lisp_make_int(7), NULL))));
    return 0;
}
Output:
25
10

--- closure.lisp ---
Lisp source:
(define (make-adder n) (lambda (x) (+ x n)))
(define add5 (make-adder 5))
(print (add5 10))

Generated C:
#include <stdio.h>
#include <stdlib.h>
#include "runtime/lisp.h"

/* Forward declarations */
LispValue* make_adder(LispValue* n);

LispValue* __lambda_0(LispValue* __args, LispValue* __env) {
    LispValue* x = lisp_list_get(__args, 0);
    LispValue* n = lisp_env_lookup(__env, "n");
    return lisp_add(x, n);
}

LispValue* make_adder(LispValue* n) {
    return lisp_make_closure(__lambda_0, lisp_env_extend(NULL, "n", n));
}

LispValue* make_adder_wrapper(LispValue* __args, LispValue* __env) {
    LispValue* n = lisp_list_get(__args, 0);
    return make_adder(n);
}

int main(int argc, char** argv) {
    LispValue* add5 = NULL;
    add5 = make_adder(lisp_make_int(5));
    lisp_print(lisp_call_closure(add5, lisp_cons(lisp_make_int(10), NULL)));
    return 0;
}
Output:
15

--- apply.lisp ---
Lisp source:
(print (apply + '(1 2 3)))
(print (apply * '(2 3 4)))

Generated C:
#include <stdio.h>
#include <stdlib.h>
#include "runtime/lisp.h"

/* Forward declarations */



int main(int argc, char** argv) {
    lisp_print(lisp_apply(lisp_make_closure(lisp_add_wrapper, NULL), lisp_cons(lisp_make_int(1), lisp_cons(lisp_make_int(2), lisp_cons(lisp_make_int(3), NULL)))));
    lisp_print(lisp_apply(lisp_make_closure(lisp_mul_wrapper, NULL), lisp_cons(lisp_make_int(2), lisp_cons(lisp_make_int(3), lisp_cons(lisp_make_int(4), NULL)))));
    return 0;
}
Output:
3
6

--- tco.lisp (Tail Call Optimization) ---
Lisp source:
; tail call optimization examples

; factorial with accumulator
(define (factorial-acc n acc)
  (if (= n 0)
      acc
      (factorial-acc (- n 1) (* n acc))))

(define (factorial n)
  (factorial-acc n 1))

(print (factorial 5))
(print (factorial 10))

; sum from 1 to n
(define (sum-to-acc n acc)
  (if (= n 0)
      acc
      (sum-to-acc (- n 1) (+ n acc))))

(define (sum-to n)
  (sum-to-acc n 0))

(print (sum-to 100))

; fibonacci
(define (fib-acc n a b)
  (if (= n 0)
      a
      (fib-acc (- n 1) b (+ a b))))

(define (fib n)
  (fib-acc n 0 1))

(print (fib 10))
(print (fib 20))
Generated C:
#include <stdio.h>
#include <stdlib.h>
#include "runtime/lisp.h"

/* Forward declarations */
LispValue* factorial_acc(LispValue* n, LispValue* acc);
LispValue* factorial(LispValue* n);
LispValue* sum_to_acc(LispValue* n, LispValue* acc);
LispValue* sum_to(LispValue* n);
LispValue* fib_acc(LispValue* n, LispValue* a, LispValue* b);
LispValue* fib(LispValue* n);

LispValue* factorial_acc(LispValue* n, LispValue* acc) {
    LispValue* __new_n = NULL;
    LispValue* __new_acc = NULL;
    while (1) {
        if (lisp_is_true(lisp_eq(n, lisp_make_int(0)))) {
            return acc;
        } else {
            __new_n = lisp_sub(n, lisp_make_int(1));
            __new_acc = lisp_mul(n, acc);
            n = __new_n;
            acc = __new_acc;
            continue;
        }
    }
}

LispValue* factorial_acc_wrapper(LispValue* __args, LispValue* __env) {
    LispValue* n = lisp_list_get(__args, 0);
    LispValue* acc = lisp_list_get(__args, 1);
    return factorial_acc(n, acc);
}

LispValue* factorial(LispValue* n) {
    return factorial_acc(n, lisp_make_int(1));
}

LispValue* factorial_wrapper(LispValue* __args, LispValue* __env) {
    LispValue* n = lisp_list_get(__args, 0);
    return factorial(n);
}

LispValue* sum_to_acc(LispValue* n, LispValue* acc) {
    LispValue* __new_n = NULL;
    LispValue* __new_acc = NULL;
    while (1) {
        if (lisp_is_true(lisp_eq(n, lisp_make_int(0)))) {
            return acc;
        } else {
            __new_n = lisp_sub(n, lisp_make_int(1));
            __new_acc = lisp_add(n, acc);
            n = __new_n;
            acc = __new_acc;
            continue;
        }
    }
}

LispValue* sum_to_acc_wrapper(LispValue* __args, LispValue* __env) {
    LispValue* n = lisp_list_get(__args, 0);
    LispValue* acc = lisp_list_get(__args, 1);
    return sum_to_acc(n, acc);
}

LispValue* sum_to(LispValue* n) {
    return sum_to_acc(n, lisp_make_int(0));
}

LispValue* sum_to_wrapper(LispValue* __args, LispValue* __env) {
    LispValue* n = lisp_list_get(__args, 0);
    return sum_to(n);
}

LispValue* fib_acc(LispValue* n, LispValue* a, LispValue* b) {
    LispValue* __new_n = NULL;
    LispValue* __new_a = NULL;
    LispValue* __new_b = NULL;
    while (1) {
        if (lisp_is_true(lisp_eq(n, lisp_make_int(0)))) {
            return a;
        } else {
            __new_n = lisp_sub(n, lisp_make_int(1));
            __new_a = b;
            __new_b = lisp_add(a, b);
            n = __new_n;
            a = __new_a;
            b = __new_b;
            continue;
        }
    }
}

LispValue* fib_acc_wrapper(LispValue* __args, LispValue* __env) {
    LispValue* n = lisp_list_get(__args, 0);
    LispValue* a = lisp_list_get(__args, 1);
    LispValue* b = lisp_list_get(__args, 2);
    return fib_acc(n, a, b);
}

LispValue* fib(LispValue* n) {
    return fib_acc(n, lisp_make_int(0), lisp_make_int(1));
}

LispValue* fib_wrapper(LispValue* __args, LispValue* __env) {
    LispValue* n = lisp_list_get(__args, 0);
    return fib(n);
}

int main(int argc, char** argv) {
    lisp_print(factorial(lisp_make_int(5)));
    lisp_print(factorial(lisp_make_int(10)));
    lisp_print(sum_to(lisp_make_int(100)));
    lisp_print(fib(lisp_make_int(10)));
    lisp_print(fib(lisp_make_int(20)));
    return 0;
}
Output:
120
3628800
5050
55
6765

--- macros.lisp ---
Lisp source:
; when - execute body only if condition is true
(defmacro when (condition body)
  `(if ,condition ,body nil))

(print "=== when macro ===")
(print (when (= 1 1) "true branch"))
(print (when (= 1 2) "should not print"))

; unless - execute body only if condition is false
(defmacro unless (condition body)
  `(if ,condition nil ,body))

(print "=== unless macro ===")
(print (unless (= 1 2) "condition was false"))
(print (unless (= 1 1) "should not print"))

; let - local variable binding
(defmacro let (var value body)
  `((lambda (,var) ,body) ,value))

(print "=== let macro ===")
(print (let x 10 (+ x 5)))
(print (let y 20 (* y 2)))

; swap - swap two values in a list
(defmacro swap (a b)
  `(cons ,b (cons ,a nil)))

(print "=== swap macro ===")
(print (swap 1 2))

; inc - increment a value
(defmacro inc (n)
  `(+ ,n 1))

(print "=== inc macro ===")
(print (inc 5))
(print (inc (inc 10)))

; dec - decrement a value
(defmacro dec (n)
  `(- ,n 1))

(print "=== dec macro ===")
(print (dec 5))
(print (dec (dec 10)))

; assert - simple assertion macro
(defmacro assert (condition message)
  `(if ,condition
       (print (cons "PASS:" ,message))
       (print (cons "FAIL:" ,message))))

(print "=== assert macro ===")
(assert (= 1 1) "1 equals 1")
(assert (< 1 2) "1 is less than 2")
Generated C:
Warning: Undefined symbol: condition
Warning: Undefined symbol: body
Warning: Undefined symbol: condition
Warning: Undefined symbol: body
Warning: Undefined symbol: condition
Warning: Undefined symbol: body
Warning: Undefined symbol: condition
Warning: Undefined symbol: body
Warning: Undefined symbol: var
Warning: Undefined symbol: value
Warning: Undefined symbol: body
Warning: Undefined symbol: var
Warning: Undefined symbol: value
Warning: Undefined symbol: body
Warning: Undefined symbol: a
Warning: Undefined symbol: b
Warning: Undefined symbol: n
Warning: Undefined symbol: n
Warning: Undefined symbol: n
Warning: Undefined symbol: n
Warning: Undefined symbol: condition
Warning: Undefined symbol: message
Warning: Undefined symbol: condition
Warning: Undefined symbol: message
#include <stdio.h>
#include <stdlib.h>
#include "runtime/lisp.h"

/* Forward declarations */



int main(int argc, char** argv) {
    lisp_print(lisp_make_string("=== when macro ==="));
    lisp_print(NULL);
    lisp_print(NULL);
    lisp_print(lisp_make_string("=== unless macro ==="));
    lisp_print(NULL);
    lisp_print(NULL);
    lisp_print(lisp_make_string("=== let macro ==="));
    lisp_print(NULL);
    lisp_print(NULL);
    lisp_print(lisp_make_string("=== swap macro ==="));
    lisp_print(NULL);
    lisp_print(lisp_make_string("=== inc macro ==="));
    lisp_print(NULL);
    lisp_print(NULL);
    lisp_print(lisp_make_string("=== dec macro ==="));
    lisp_print(NULL);
    lisp_print(NULL);
    lisp_print(lisp_make_string("=== assert macro ==="));
    return 0;
}
Output:
"=== when macro ==="
nil
nil
"=== unless macro ==="
nil
nil
"=== let macro ==="
nil
nil
"=== swap macro ==="
nil
"=== inc macro ==="
nil
nil
"=== dec macro ==="
nil
nil
"=== assert macro ==="

=== Standard library (lib/) ===

--- library.lisp ---
Lisp source:
;; predicates

(define (zero? x) (= x 0))

(define (positive? x) (> x 0))

(define (negative? x) (< x 0))

(define (even? x) (= (mod x 2) 0))

(define (odd? x) (not (even? x)))

;; arithmetic

(define (inc x) (+ x 1))

(define (dec x) (- x 1))

(define (square x) (* x x))

(define (cube x) (* x x x))

;; list operations

(define (length lst)
  (if (nil? lst)
      0
      (+ 1 (length (rest lst)))))

(define (append lst1 lst2)
  (if (nil? lst1)
      lst2
      (cons (first lst1) (append (rest lst1) lst2))))

(define (reverse lst)
  (if (nil? lst)
      nil
      (append (reverse (rest lst)) (cons (first lst) nil))))

(define (nth n lst)
  (if (= n 0)
      (first lst)
      (nth (- n 1) (rest lst))))

(define (last lst)
  (if (nil? (rest lst))
      (first lst)
      (last (rest lst))))

(define (member x lst)
  (if (nil? lst)
      nil
      (if (= x (first lst))
          lst
          (member x (rest lst)))))

;; higher-order functions

(define (map f lst)
  (if (nil? lst)
      nil
      (cons (f (first lst)) (map f (rest lst)))))

(define (filter pred lst)
  (if (nil? lst)
      nil
      (if (pred (first lst))
          (cons (first lst) (filter pred (rest lst)))
          (filter pred (rest lst)))))

(define (reduce f init lst)
  (if (nil? lst)
      init
      (reduce f (f init (first lst)) (rest lst))))

(define (any? pred lst)
  (if (nil? lst)
      nil
      (if (pred (first lst))
          (first lst)
          (any? pred (rest lst)))))

(define (all? pred lst)
  (if (nil? lst)
      1
      (if (pred (first lst))
          (all? pred (rest lst))
          nil)))

;; utility macros

(defmacro when (condition body)
  `(if ,condition ,body nil))

(defmacro unless (condition body)
  `(if ,condition nil ,body))

(defmacro let (var value body)
  `((lambda (,var) ,body) ,value))

;; convenience functions

(define (identity x) x)

(define (constantly x)
  (lambda (y) x))

(define (compose f g)
  (lambda (x) (f (g x))))

(define (flip f)
  (lambda (x y) (f y x)))

(define (curry f x)
  (lambda (y) (f x y)))
Generated C:
#include <stdio.h>
#include <stdlib.h>
#include "runtime/lisp.h"

/* Forward declarations */
LispValue* zero_p(LispValue* x);
LispValue* positive_p(LispValue* x);
LispValue* negative_p(LispValue* x);
LispValue* even_p(LispValue* x);
LispValue* odd_p(LispValue* x);
LispValue* inc(LispValue* x);
LispValue* dec(LispValue* x);
LispValue* square(LispValue* x);
LispValue* cube(LispValue* x);
LispValue* length(LispValue* lst);
LispValue* append(LispValue* lst1, LispValue* lst2);
LispValue* reverse(LispValue* lst);
LispValue* nth(LispValue* n, LispValue* lst);
LispValue* last(LispValue* lst);
LispValue* member(LispValue* x, LispValue* lst);
LispValue* map(LispValue* f, LispValue* lst);
LispValue* filter(LispValue* pred, LispValue* lst);
LispValue* reduce(LispValue* f, LispValue* init, LispValue* lst);
LispValue* any_p(LispValue* pred, LispValue* lst);
LispValue* all_p(LispValue* pred, LispValue* lst);
LispValue* identity(LispValue* x);
LispValue* constantly(LispValue* x);
LispValue* compose(LispValue* f, LispValue* g);
LispValue* flip(LispValue* f);
LispValue* curry(LispValue* f, LispValue* x);

LispValue* zero_p(LispValue* x) {
    return lisp_eq(x, lisp_make_int(0));
}

LispValue* zero_p_wrapper(LispValue* __args, LispValue* __env) {
    LispValue* x = lisp_list_get(__args, 0);
    return zero_p(x);
}

LispValue* positive_p(LispValue* x) {
    return lisp_gt(x, lisp_make_int(0));
}

LispValue* positive_p_wrapper(LispValue* __args, LispValue* __env) {
    LispValue* x = lisp_list_get(__args, 0);
    return positive_p(x);
}

LispValue* negative_p(LispValue* x) {
    return lisp_lt(x, lisp_make_int(0));
}

LispValue* negative_p_wrapper(LispValue* __args, LispValue* __env) {
    LispValue* x = lisp_list_get(__args, 0);
    return negative_p(x);
}

LispValue* even_p(LispValue* x) {
    return lisp_eq(lisp_mod(x, lisp_make_int(2)), lisp_make_int(0));
}

LispValue* even_p_wrapper(LispValue* __args, LispValue* __env) {
    LispValue* x = lisp_list_get(__args, 0);
    return even_p(x);
}

LispValue* odd_p(LispValue* x) {
    return lisp_not(even_p(x));
}

LispValue* odd_p_wrapper(LispValue* __args, LispValue* __env) {
    LispValue* x = lisp_list_get(__args, 0);
    return odd_p(x);
}

LispValue* inc(LispValue* x) {
    return lisp_add(x, lisp_make_int(1));
}

LispValue* inc_wrapper(LispValue* __args, LispValue* __env) {
    LispValue* x = lisp_list_get(__args, 0);
    return inc(x);
}

LispValue* dec(LispValue* x) {
    return lisp_sub(x, lisp_make_int(1));
}

LispValue* dec_wrapper(LispValue* __args, LispValue* __env) {
    LispValue* x = lisp_list_get(__args, 0);
    return dec(x);
}

LispValue* square(LispValue* x) {
    return lisp_mul(x, x);
}

LispValue* square_wrapper(LispValue* __args, LispValue* __env) {
    LispValue* x = lisp_list_get(__args, 0);
    return square(x);
}

LispValue* cube(LispValue* x) {
    return lisp_mul(lisp_mul(x, x), x);
}

LispValue* cube_wrapper(LispValue* __args, LispValue* __env) {
    LispValue* x = lisp_list_get(__args, 0);
    return cube(x);
}

LispValue* length(LispValue* lst) {
    LispValue* __result_0 = NULL;
    if (lisp_is_true(lisp_is_nil_fn(lst))) {
        __result_0 = lisp_make_int(0);
    } else {
        __result_0 = lisp_add(lisp_make_int(1), lisp_length(lisp_rest(lst)));
    }
    return __result_0;
}

LispValue* length_wrapper(LispValue* __args, LispValue* __env) {
    LispValue* lst = lisp_list_get(__args, 0);
    return length(lst);
}

LispValue* append(LispValue* lst1, LispValue* lst2) {
    LispValue* __result_0 = NULL;
    if (lisp_is_true(lisp_is_nil_fn(lst1))) {
        __result_0 = lst2;
    } else {
        __result_0 = lisp_cons(lisp_first(lst1), lisp_append(lisp_rest(lst1), lst2));
    }
    return __result_0;
}

LispValue* append_wrapper(LispValue* __args, LispValue* __env) {
    LispValue* lst1 = lisp_list_get(__args, 0);
    LispValue* lst2 = lisp_list_get(__args, 1);
    return append(lst1, lst2);
}

LispValue* reverse(LispValue* lst) {
    LispValue* __result_0 = NULL;
    if (lisp_is_true(lisp_is_nil_fn(lst))) {
        __result_0 = NULL;
    } else {
        __result_0 = lisp_append(lisp_reverse(lisp_rest(lst)), lisp_cons(lisp_first(lst), NULL));
    }
    return __result_0;
}

LispValue* reverse_wrapper(LispValue* __args, LispValue* __env) {
    LispValue* lst = lisp_list_get(__args, 0);
    return reverse(lst);
}

LispValue* nth(LispValue* n, LispValue* lst) {
    LispValue* __new_n = NULL;
    LispValue* __new_lst = NULL;
    while (1) {
        if (lisp_is_true(lisp_eq(n, lisp_make_int(0)))) {
            return lisp_first(lst);
        } else {
            __new_n = lisp_sub(n, lisp_make_int(1));
            __new_lst = lisp_rest(lst);
            n = __new_n;
            lst = __new_lst;
            continue;
        }
    }
}

LispValue* nth_wrapper(LispValue* __args, LispValue* __env) {
    LispValue* n = lisp_list_get(__args, 0);
    LispValue* lst = lisp_list_get(__args, 1);
    return nth(n, lst);
}

LispValue* last(LispValue* lst) {
    LispValue* __new_lst = NULL;
    while (1) {
        if (lisp_is_true(lisp_is_nil_fn(lisp_rest(lst)))) {
            return lisp_first(lst);
        } else {
            __new_lst = lisp_rest(lst);
            lst = __new_lst;
            continue;
        }
    }
}

LispValue* last_wrapper(LispValue* __args, LispValue* __env) {
    LispValue* lst = lisp_list_get(__args, 0);
    return last(lst);
}

LispValue* member(LispValue* x, LispValue* lst) {
    LispValue* __new_x = NULL;
    LispValue* __new_lst = NULL;
    while (1) {
        if (lisp_is_true(lisp_is_nil_fn(lst))) {
            return NULL;
        } else {
            if (lisp_is_true(lisp_eq(x, lisp_first(lst)))) {
            return lst;
            } else {
            __new_x = x;
            __new_lst = lisp_rest(lst);
            x = __new_x;
            lst = __new_lst;
            continue;
            }
        }
    }
}

LispValue* member_wrapper(LispValue* __args, LispValue* __env) {
    LispValue* x = lisp_list_get(__args, 0);
    LispValue* lst = lisp_list_get(__args, 1);
    return member(x, lst);
}

LispValue* map(LispValue* f, LispValue* lst) {
    LispValue* __result_0 = NULL;
    if (lisp_is_true(lisp_is_nil_fn(lst))) {
        __result_0 = NULL;
    } else {
        __result_0 = lisp_cons(lisp_call_closure(f, lisp_cons(lisp_first(lst), NULL)), map(f, lisp_rest(lst)));
    }
    return __result_0;
}

LispValue* map_wrapper(LispValue* __args, LispValue* __env) {
    LispValue* f = lisp_list_get(__args, 0);
    LispValue* lst = lisp_list_get(__args, 1);
    return map(f, lst);
}

LispValue* filter(LispValue* pred, LispValue* lst) {
    LispValue* __result_0 = NULL;
    if (lisp_is_true(lisp_is_nil_fn(lst))) {
        __result_0 = NULL;
    } else {
        LispValue* __result_1 = NULL;
        if (lisp_is_true(lisp_call_closure(pred, lisp_cons(lisp_first(lst), NULL)))) {
            __result_1 = lisp_cons(lisp_first(lst), filter(pred, lisp_rest(lst)));
        } else {
            __result_1 = filter(pred, lisp_rest(lst));
        }
        __result_0 = __result_1;
    }
    return __result_0;
}

LispValue* filter_wrapper(LispValue* __args, LispValue* __env) {
    LispValue* pred = lisp_list_get(__args, 0);
    LispValue* lst = lisp_list_get(__args, 1);
    return filter(pred, lst);
}

LispValue* reduce(LispValue* f, LispValue* init, LispValue* lst) {
    LispValue* __new_f = NULL;
    LispValue* __new_init = NULL;
    LispValue* __new_lst = NULL;
    while (1) {
        if (lisp_is_true(lisp_is_nil_fn(lst))) {
            return init;
        } else {
            __new_f = f;
            __new_init = lisp_call_closure(f, lisp_cons(init, lisp_cons(lisp_first(lst), NULL)));
            __new_lst = lisp_rest(lst);
            f = __new_f;
            init = __new_init;
            lst = __new_lst;
            continue;
        }
    }
}

LispValue* reduce_wrapper(LispValue* __args, LispValue* __env) {
    LispValue* f = lisp_list_get(__args, 0);
    LispValue* init = lisp_list_get(__args, 1);
    LispValue* lst = lisp_list_get(__args, 2);
    return reduce(f, init, lst);
}

LispValue* any_p(LispValue* pred, LispValue* lst) {
    LispValue* __new_pred = NULL;
    LispValue* __new_lst = NULL;
    while (1) {
        if (lisp_is_true(lisp_is_nil_fn(lst))) {
            return NULL;
        } else {
            if (lisp_is_true(lisp_call_closure(pred, lisp_cons(lisp_first(lst), NULL)))) {
            return lisp_first(lst);
            } else {
            __new_pred = pred;
            __new_lst = lisp_rest(lst);
            pred = __new_pred;
            lst = __new_lst;
            continue;
            }
        }
    }
}

LispValue* any_p_wrapper(LispValue* __args, LispValue* __env) {
    LispValue* pred = lisp_list_get(__args, 0);
    LispValue* lst = lisp_list_get(__args, 1);
    return any_p(pred, lst);
}

LispValue* all_p(LispValue* pred, LispValue* lst) {
    LispValue* __new_pred = NULL;
    LispValue* __new_lst = NULL;
    while (1) {
        if (lisp_is_true(lisp_is_nil_fn(lst))) {
            return lisp_make_int(1);
        } else {
            if (lisp_is_true(lisp_call_closure(pred, lisp_cons(lisp_first(lst), NULL)))) {
            __new_pred = pred;
            __new_lst = lisp_rest(lst);
            pred = __new_pred;
            lst = __new_lst;
            continue;
            } else {
            return NULL;
            }
        }
    }
}

LispValue* all_p_wrapper(LispValue* __args, LispValue* __env) {
    LispValue* pred = lisp_list_get(__args, 0);
    LispValue* lst = lisp_list_get(__args, 1);
    return all_p(pred, lst);
}

LispValue* identity(LispValue* x) {
    return x;
}

LispValue* identity_wrapper(LispValue* __args, LispValue* __env) {
    LispValue* x = lisp_list_get(__args, 0);
    return identity(x);
}

LispValue* __lambda_0(LispValue* __args, LispValue* __env) {
    LispValue* y = lisp_list_get(__args, 0);
    LispValue* x = lisp_env_lookup(__env, "x");
    return x;
}

LispValue* constantly(LispValue* x) {
    return lisp_make_closure(__lambda_0, lisp_env_extend(NULL, "x", x));
}

LispValue* constantly_wrapper(LispValue* __args, LispValue* __env) {
    LispValue* x = lisp_list_get(__args, 0);
    return constantly(x);
}

LispValue* __lambda_1(LispValue* __args, LispValue* __env) {
    LispValue* x = lisp_list_get(__args, 0);
    LispValue* f = lisp_env_lookup(__env, "f");
    LispValue* g = lisp_env_lookup(__env, "g");
    return lisp_call_closure(f, lisp_cons(lisp_call_closure(g, lisp_cons(x, NULL)), NULL));
}

LispValue* compose(LispValue* f, LispValue* g) {
    return lisp_make_closure(__lambda_1, lisp_env_extend(lisp_env_extend(NULL, "f", f), "g", g));
}

LispValue* compose_wrapper(LispValue* __args, LispValue* __env) {
    LispValue* f = lisp_list_get(__args, 0);
    LispValue* g = lisp_list_get(__args, 1);
    return compose(f, g);
}

LispValue* __lambda_2(LispValue* __args, LispValue* __env) {
    LispValue* x = lisp_list_get(__args, 0);
    LispValue* y = lisp_list_get(__args, 1);
    LispValue* f = lisp_env_lookup(__env, "f");
    return lisp_call_closure(f, lisp_cons(y, lisp_cons(x, NULL)));
}

LispValue* flip(LispValue* f) {
    return lisp_make_closure(__lambda_2, lisp_env_extend(NULL, "f", f));
}

LispValue* flip_wrapper(LispValue* __args, LispValue* __env) {
    LispValue* f = lisp_list_get(__args, 0);
    return flip(f);
}

LispValue* __lambda_3(LispValue* __args, LispValue* __env) {
    LispValue* y = lisp_list_get(__args, 0);
    LispValue* f = lisp_env_lookup(__env, "f");
    LispValue* x = lisp_env_lookup(__env, "x");
    return lisp_call_closure(f, lisp_cons(x, lisp_cons(y, NULL)));
}

LispValue* curry(LispValue* f, LispValue* x) {
    return lisp_make_closure(__lambda_3, lisp_env_extend(lisp_env_extend(NULL, "f", f), "x", x));
}

LispValue* curry_wrapper(LispValue* __args, LispValue* __env) {
    LispValue* f = lisp_list_get(__args, 0);
    LispValue* x = lisp_list_get(__args, 1);
    return curry(f, x);
}

int main(int argc, char** argv) {
    return 0;
}
=== All tests passed ===
